2014/03/25 15:58:05 [error] [exception.CException] exception 'CException' with message 'UserController and its behaviors do not have a method or closure named "renderPatial".' in F:\wamp\www\yiitest\framework\base\CComponent.php:265
Stack trace:
#0 F:\wamp\www\yiitest\shop\protected\controllers\UserController.php(4): CComponent->__call('renderPatial', Array)
#1 F:\wamp\www\yiitest\shop\protected\controllers\UserController.php(4): UserController->renderPatial('login')
#2 F:\wamp\www\yiitest\framework\web\actions\CInlineAction.php(49): UserController->actionLogin()
#3 F:\wamp\www\yiitest\framework\web\CController.php(308): CInlineAction->runWithParams(Array)
#4 F:\wamp\www\yiitest\framework\web\CController.php(286): CController->runAction(Object(CInlineAction))
#5 F:\wamp\www\yiitest\framework\web\CController.php(265): CController->runActionWithFilters(Object(CInlineAction), Array)
#6 F:\wamp\www\yiitest\framework\web\CWebApplication.php(282): CController->run('login')
#7 F:\wamp\www\yiitest\framework\web\CWebApplication.php(141): CWebApplication->runController('user/login')
#8 F:\wamp\www\yiitest\framework\base\CApplication.php(169): CWebApplication->processRequest()
#9 F:\wamp\www\yiitest\shop\index.php(13): CApplication->run()
#10 {main}
REQUEST_URI=/index.php?r=user/login
---
2014/03/26 01:53:04 [error] [exception.CHttpException.404] exception 'CHttpException' with message 'The system is unable to find the requested action "index".' in F:\wamp\www\yiitest\framework\web\CController.php:483
Stack trace:
#0 F:\wamp\www\yiitest\framework\web\CController.php(270): CController->missingAction('index')
#1 F:\wamp\www\yiitest\framework\web\CWebApplication.php(282): CController->run('index')
#2 F:\wamp\www\yiitest\framework\web\CWebApplication.php(141): CWebApplication->runController('user/index')
#3 F:\wamp\www\yiitest\framework\base\CApplication.php(169): CWebApplication->processRequest()
#4 F:\wamp\www\yiitest\shop\index.php(16): CApplication->run()
#5 {main}
REQUEST_URI=/index.php?r=user/index
---
2014/03/26 03:24:01 [error] [exception.CHttpException.404] exception 'CHttpException' with message 'Unable to resolve the request "index".' in F:\wamp\www\yiitest\framework\web\CWebApplication.php:286
Stack trace:
#0 F:\wamp\www\yiitest\framework\web\CWebApplication.php(141): CWebApplication->runController('')
#1 F:\wamp\www\yiitest\framework\base\CApplication.php(169): CWebApplication->processRequest()
#2 F:\wamp\www\yiitest\shop\index.php(16): CApplication->run()
#3 {main}
REQUEST_URI=/
---
2014/03/26 03:27:22 [error] [exception.CException] exception 'CException' with message 'IndexController cannot find the requested view "".' in F:\wamp\www\yiitest\framework\web\CController.php:878
Stack trace:
#0 F:\wamp\www\yiitest\shop\protected\controllers\IndexController.php(4): CController->renderPartial('')
#1 F:\wamp\www\yiitest\framework\web\actions\CInlineAction.php(49): IndexController->actionIndex()
#2 F:\wamp\www\yiitest\framework\web\CController.php(308): CInlineAction->runWithParams(Array)
#3 F:\wamp\www\yiitest\framework\web\CController.php(286): CController->runAction(Object(CInlineAction))
#4 F:\wamp\www\yiitest\framework\web\CController.php(265): CController->runActionWithFilters(Object(CInlineAction), Array)
#5 F:\wamp\www\yiitest\framework\web\CWebApplication.php(282): CController->run('')
#6 F:\wamp\www\yiitest\framework\web\CWebApplication.php(141): CWebApplication->runController('')
#7 F:\wamp\www\yiitest\framework\base\CApplication.php(169): CWebApplication->processRequest()
#8 F:\wamp\www\yiitest\shop\index.php(16): CApplication->run()
#9 {main}
REQUEST_URI=/
---
2014/03/26 03:27:37 [error] [exception.CException] exception 'CException' with message 'IndexController cannot find the requested view "index".' in F:\wamp\www\yiitest\framework\web\CController.php:878
Stack trace:
#0 F:\wamp\www\yiitest\shop\protected\controllers\IndexController.php(4): CController->renderPartial('index')
#1 F:\wamp\www\yiitest\framework\web\actions\CInlineAction.php(49): IndexController->actionIndex()
#2 F:\wamp\www\yiitest\framework\web\CController.php(308): CInlineAction->runWithParams(Array)
#3 F:\wamp\www\yiitest\framework\web\CController.php(286): CController->runAction(Object(CInlineAction))
#4 F:\wamp\www\yiitest\framework\web\CController.php(265): CController->runActionWithFilters(Object(CInlineAction), Array)
#5 F:\wamp\www\yiitest\framework\web\CWebApplication.php(282): CController->run('')
#6 F:\wamp\www\yiitest\framework\web\CWebApplication.php(141): CWebApplication->runController('')
#7 F:\wamp\www\yiitest\framework\base\CApplication.php(169): CWebApplication->processRequest()
#8 F:\wamp\www\yiitest\shop\index.php(16): CApplication->run()
#9 {main}
REQUEST_URI=/
---
2014/03/26 03:27:38 [error] [exception.CException] exception 'CException' with message 'IndexController cannot find the requested view "index".' in F:\wamp\www\yiitest\framework\web\CController.php:878
Stack trace:
#0 F:\wamp\www\yiitest\shop\protected\controllers\IndexController.php(4): CController->renderPartial('index')
#1 F:\wamp\www\yiitest\framework\web\actions\CInlineAction.php(49): IndexController->actionIndex()
#2 F:\wamp\www\yiitest\framework\web\CController.php(308): CInlineAction->runWithParams(Array)
#3 F:\wamp\www\yiitest\framework\web\CController.php(286): CController->runAction(Object(CInlineAction))
#4 F:\wamp\www\yiitest\framework\web\CController.php(265): CController->runActionWithFilters(Object(CInlineAction), Array)
#5 F:\wamp\www\yiitest\framework\web\CWebApplication.php(282): CController->run('')
#6 F:\wamp\www\yiitest\framework\web\CWebApplication.php(141): CWebApplication->runController('')
#7 F:\wamp\www\yiitest\framework\base\CApplication.php(169): CWebApplication->processRequest()
#8 F:\wamp\www\yiitest\shop\index.php(16): CApplication->run()
#9 {main}
REQUEST_URI=/
---
2014/03/26 03:27:39 [error] [exception.CException] exception 'CException' with message 'IndexController cannot find the requested view "index".' in F:\wamp\www\yiitest\framework\web\CController.php:878
Stack trace:
#0 F:\wamp\www\yiitest\shop\protected\controllers\IndexController.php(4): CController->renderPartial('index')
#1 F:\wamp\www\yiitest\framework\web\actions\CInlineAction.php(49): IndexController->actionIndex()
#2 F:\wamp\www\yiitest\framework\web\CController.php(308): CInlineAction->runWithParams(Array)
#3 F:\wamp\www\yiitest\framework\web\CController.php(286): CController->runAction(Object(CInlineAction))
#4 F:\wamp\www\yiitest\framework\web\CController.php(265): CController->runActionWithFilters(Object(CInlineAction), Array)
#5 F:\wamp\www\yiitest\framework\web\CWebApplication.php(282): CController->run('')
#6 F:\wamp\www\yiitest\framework\web\CWebApplication.php(141): CWebApplication->runController('')
#7 F:\wamp\www\yiitest\framework\base\CApplication.php(169): CWebApplication->processRequest()
#8 F:\wamp\www\yiitest\shop\index.php(16): CApplication->run()
#9 {main}
REQUEST_URI=/
---
2014/03/26 03:27:39 [error] [exception.CException] exception 'CException' with message 'IndexController cannot find the requested view "index".' in F:\wamp\www\yiitest\framework\web\CController.php:878
Stack trace:
#0 F:\wamp\www\yiitest\shop\protected\controllers\IndexController.php(4): CController->renderPartial('index')
#1 F:\wamp\www\yiitest\framework\web\actions\CInlineAction.php(49): IndexController->actionIndex()
#2 F:\wamp\www\yiitest\framework\web\CController.php(308): CInlineAction->runWithParams(Array)
#3 F:\wamp\www\yiitest\framework\web\CController.php(286): CController->runAction(Object(CInlineAction))
#4 F:\wamp\www\yiitest\framework\web\CController.php(265): CController->runActionWithFilters(Object(CInlineAction), Array)
#5 F:\wamp\www\yiitest\framework\web\CWebApplication.php(282): CController->run('')
#6 F:\wamp\www\yiitest\framework\web\CWebApplication.php(141): CWebApplication->runController('')
#7 F:\wamp\www\yiitest\framework\base\CApplication.php(169): CWebApplication->processRequest()
#8 F:\wamp\www\yiitest\shop\index.php(16): CApplication->run()
#9 {main}
REQUEST_URI=/
---
2014/03/26 03:27:39 [error] [exception.CException] exception 'CException' with message 'IndexController cannot find the requested view "index".' in F:\wamp\www\yiitest\framework\web\CController.php:878
Stack trace:
#0 F:\wamp\www\yiitest\shop\protected\controllers\IndexController.php(4): CController->renderPartial('index')
#1 F:\wamp\www\yiitest\framework\web\actions\CInlineAction.php(49): IndexController->actionIndex()
#2 F:\wamp\www\yiitest\framework\web\CController.php(308): CInlineAction->runWithParams(Array)
#3 F:\wamp\www\yiitest\framework\web\CController.php(286): CController->runAction(Object(CInlineAction))
#4 F:\wamp\www\yiitest\framework\web\CController.php(265): CController->runActionWithFilters(Object(CInlineAction), Array)
#5 F:\wamp\www\yiitest\framework\web\CWebApplication.php(282): CController->run('')
#6 F:\wamp\www\yiitest\framework\web\CWebApplication.php(141): CWebApplication->runController('')
#7 F:\wamp\www\yiitest\framework\base\CApplication.php(169): CWebApplication->processRequest()
#8 F:\wamp\www\yiitest\shop\index.php(16): CApplication->run()
#9 {main}
REQUEST_URI=/
---
2014/03/26 03:27:39 [error] [exception.CException] exception 'CException' with message 'IndexController cannot find the requested view "index".' in F:\wamp\www\yiitest\framework\web\CController.php:878
Stack trace:
#0 F:\wamp\www\yiitest\shop\protected\controllers\IndexController.php(4): CController->renderPartial('index')
#1 F:\wamp\www\yiitest\framework\web\actions\CInlineAction.php(49): IndexController->actionIndex()
#2 F:\wamp\www\yiitest\framework\web\CController.php(308): CInlineAction->runWithParams(Array)
#3 F:\wamp\www\yiitest\framework\web\CController.php(286): CController->runAction(Object(CInlineAction))
#4 F:\wamp\www\yiitest\framework\web\CController.php(265): CController->runActionWithFilters(Object(CInlineAction), Array)
#5 F:\wamp\www\yiitest\framework\web\CWebApplication.php(282): CController->run('')
#6 F:\wamp\www\yiitest\framework\web\CWebApplication.php(141): CWebApplication->runController('')
#7 F:\wamp\www\yiitest\framework\base\CApplication.php(169): CWebApplication->processRequest()
#8 F:\wamp\www\yiitest\shop\index.php(16): CApplication->run()
#9 {main}
REQUEST_URI=/
---
2014/03/26 03:27:40 [error] [exception.CException] exception 'CException' with message 'IndexController cannot find the requested view "index".' in F:\wamp\www\yiitest\framework\web\CController.php:878
Stack trace:
#0 F:\wamp\www\yiitest\shop\protected\controllers\IndexController.php(4): CController->renderPartial('index')
#1 F:\wamp\www\yiitest\framework\web\actions\CInlineAction.php(49): IndexController->actionIndex()
#2 F:\wamp\www\yiitest\framework\web\CController.php(308): CInlineAction->runWithParams(Array)
#3 F:\wamp\www\yiitest\framework\web\CController.php(286): CController->runAction(Object(CInlineAction))
#4 F:\wamp\www\yiitest\framework\web\CController.php(265): CController->runActionWithFilters(Object(CInlineAction), Array)
#5 F:\wamp\www\yiitest\framework\web\CWebApplication.php(282): CController->run('')
#6 F:\wamp\www\yiitest\framework\web\CWebApplication.php(141): CWebApplication->runController('')
#7 F:\wamp\www\yiitest\framework\base\CApplication.php(169): CWebApplication->processRequest()
#8 F:\wamp\www\yiitest\shop\index.php(16): CApplication->run()
#9 {main}
REQUEST_URI=/
---
2014/03/26 03:28:18 [error] [exception.CException] exception 'CException' with message 'IndexController cannot find the requested view "index".' in F:\wamp\www\yiitest\framework\web\CController.php:878
Stack trace:
#0 F:\wamp\www\yiitest\shop\protected\controllers\IndexController.php(4): CController->renderPartial('index')
#1 F:\wamp\www\yiitest\framework\web\actions\CInlineAction.php(49): IndexController->actionIndex()
#2 F:\wamp\www\yiitest\framework\web\CController.php(308): CInlineAction->runWithParams(Array)
#3 F:\wamp\www\yiitest\framework\web\CController.php(286): CController->runAction(Object(CInlineAction))
#4 F:\wamp\www\yiitest\framework\web\CController.php(265): CController->runActionWithFilters(Object(CInlineAction), Array)
#5 F:\wamp\www\yiitest\framework\web\CWebApplication.php(282): CController->run('')
#6 F:\wamp\www\yiitest\framework\web\CWebApplication.php(141): CWebApplication->runController('')
#7 F:\wamp\www\yiitest\framework\base\CApplication.php(169): CWebApplication->processRequest()
#8 F:\wamp\www\yiitest\shop\index.php(16): CApplication->run()
#9 {main}
REQUEST_URI=/
---
2014/03/26 03:28:18 [error] [exception.CException] exception 'CException' with message 'IndexController cannot find the requested view "index".' in F:\wamp\www\yiitest\framework\web\CController.php:878
Stack trace:
#0 F:\wamp\www\yiitest\shop\protected\controllers\IndexController.php(4): CController->renderPartial('index')
#1 F:\wamp\www\yiitest\framework\web\actions\CInlineAction.php(49): IndexController->actionIndex()
#2 F:\wamp\www\yiitest\framework\web\CController.php(308): CInlineAction->runWithParams(Array)
#3 F:\wamp\www\yiitest\framework\web\CController.php(286): CController->runAction(Object(CInlineAction))
#4 F:\wamp\www\yiitest\framework\web\CController.php(265): CController->runActionWithFilters(Object(CInlineAction), Array)
#5 F:\wamp\www\yiitest\framework\web\CWebApplication.php(282): CController->run('')
#6 F:\wamp\www\yiitest\framework\web\CWebApplication.php(141): CWebApplication->runController('')
#7 F:\wamp\www\yiitest\framework\base\CApplication.php(169): CWebApplication->processRequest()
#8 F:\wamp\www\yiitest\shop\index.php(16): CApplication->run()
#9 {main}
REQUEST_URI=/
---
